<?xml version="1.0" encoding="UTF-8"?>
<!-- Generated by org.testng.reporters.JUnitReportReporter -->
<testsuite hostname="VST" failures="0" tests="1" name="com.guru99Bank.testCases.LoginTest_TC001" time="1.934" errors="0" timestamp="2024-04-07T22:03:12 IST" skipped="0">
  <testcase classname="com.guru99Bank.testCases.LoginTest_TC001" name="loginTest" time="1.934"/>
  <system-out/>
</testsuite> <!-- com.guru99Bank.testCases.LoginTest_TC001 -->
